\BOOKMARK [0][-]{chapter*.2}{\376\377\000D\000a\000n\000h\000\040\000s\000\341\000c\000h\000\040\000h\000\354\000n\000h\000\040\000v\036\275}{}% 1
\BOOKMARK [0][-]{lot.0}{\376\377\000D\000a\000n\000h\000\040\000s\000a\000c\000h\000\040\000b\000a\000n\000g}{}% 2
\BOOKMARK [0][-]{chapter*.4}{\376\377\000B\036\243\000n\000g\000\040\000k\000\375\000\040\000h\000i\036\307\000u\000\040\000v\000\340\000\040\000c\000h\036\357\000\040\000v\000i\036\277\000t\000\040\000t\036\257\000t}{}% 3
\BOOKMARK [0][-]{chapter.1}{\376\377\000M\036\337\000\040\001\021\036\247\000u\000\040\000v\000\340\000\040\000c\001\241\000\040\000s\036\337\000\040\000l\000\375\000\040\000t\000h\000u\000y\036\277\000t}{}% 4
\BOOKMARK [1][-]{section.1.1}{\376\377\001\020\036\267\000t\000\040\000v\036\245\000n\000\040\001\021\036\301\000\040\000v\000\340\000\040\000l\000\375\000\040\000d\000o\000\040\000c\000h\036\315\000n\000\040\001\021\036\301\000\040\000t\000\340\000i}{chapter.1}% 5
\BOOKMARK [1][-]{section.1.2}{\376\377\000M\036\345\000c\000\040\000t\000i\000\352\000u\000\040\000v\000\340\000\040\000p\000h\036\241\000m\000\040\000v\000i\000\040\001\021\036\323\000\040\000\341\000n}{chapter.1}% 6
\BOOKMARK [2][-]{subsection.1.2.1}{\376\377\000M\036\345\000c\000\040\000t\000i\000\352\000u\000\040\000n\000g\000h\000i\000\352\000n\000\040\000c\036\351\000u}{section.1.2}% 7
\BOOKMARK [2][-]{subsection.1.2.2}{\376\377\000P\000h\036\241\000m\000\040\000v\000i\000\040\000v\000\340\000\040\000g\000i\036\333\000i\000\040\000h\036\241\000n\000\040\000c\036\347\000a\000\040\001\021\036\323\000\040\000\341\000n}{section.1.2}% 8
\BOOKMARK [1][-]{section.1.3}{\376\377\000C\001\241\000\040\000s\036\337\000\040\000l\000\375\000\040\000t\000h\000u\000y\036\277\000t}{chapter.1}% 9
\BOOKMARK [2][-]{subsection.1.3.1}{\376\377\000T\036\325\000n\000g\000\040\000q\000u\000a\000n\000\040\000v\036\301\000\040\000D\000a\000t\000a\000\040\000E\000n\000g\000i\000n\000e\000e\000r\000\040\000v\000\340\000\040\000k\000h\000o\000\040\000d\036\357\000\040\000l\000i\036\307\000u}{section.1.3}% 10
\BOOKMARK [3][-]{subsubsection.1.3.1.1}{\376\377\000T\036\325\000n\000g\000\040\000q\000u\000a\000n}{subsection.1.3.1}% 11
\BOOKMARK [3][-]{subsubsection.1.3.1.2}{\376\377\000K\000h\000o\000\040\000d\036\357\000\040\000l\000i\036\307\000u\000\040\000v\000\340\000\040\000h\036\307\000\040\000s\000i\000n\000h\000\040\000t\000h\000\341\000i}{subsection.1.3.1}% 12
\BOOKMARK [2][-]{subsection.1.3.2}{\376\377\000M\000\364\000\040\000h\000\354\000n\000h\000\040\000h\000\363\000a\000\040\000d\036\357\000\040\000l\000i\036\307\000u\000\040}{section.1.3}% 13
\BOOKMARK [3][-]{subsubsection.1.3.2.1}{\376\377\000M\000\364\000\040\000h\000\354\000n\000h\000:\000\040\000D\000a\000t\000a\000\040\000V\000a\000u\000l\000t\000\040\0002\000.\0000}{subsection.1.3.2}% 14
\BOOKMARK [3][-]{subsubsection.1.3.2.2}{\376\377\000M\000\364\000\040\000h\000\354\000n\000h\000\040\000c\000h\000i\036\301\000u\000\040\000\050\000S\000t\000a\000r\000\040\000S\000c\000h\000e\000m\000a\000\051}{subsection.1.3.2}% 15
\BOOKMARK [2][-]{subsection.1.3.3}{\376\377\000N\036\241\000p\000\040\000d\036\357\000\040\000l\000i\036\307\000u\000\040\000g\000i\000a\000\040\000t\001\003\000n\000g\000\040\000\050\000I\000n\000c\000r\000e\000m\000e\000n\000t\000a\000l\000\040\000L\000o\000a\000d\000i\000n\000g\000\051\000,\000\040\000C\000D\000C\000\040\000v\000\340\000\040\000S\000C\000D}{section.1.3}% 16
\BOOKMARK [3][-]{subsubsection.1.3.3.1}{\376\377\000N\036\241\000p\000\040\000d\036\357\000\040\000l\000i\036\307\000u\000\040\000g\000i\000a\000\040\000t\001\003\000n\000g\000\040\000\050\000I\000n\000c\000r\000e\000m\000e\000n\000t\000a\000l\000\040\000L\000o\000a\000d\000i\000n\000g\000\051}{subsection.1.3.3}% 17
\BOOKMARK [3][-]{subsubsection.1.3.3.2}{\376\377\000C\000h\000a\000n\000g\000e\000\040\000D\000a\000t\000a\000\040\000C\000a\000p\000t\000u\000r\000e\000\040\000\050\000C\000D\000C\000\051}{subsection.1.3.3}% 18
\BOOKMARK [3][-]{subsubsection.1.3.3.3}{\376\377\000S\000l\000o\000w\000l\000y\000\040\000C\000h\000a\000n\000g\000i\000n\000g\000\040\000D\000i\000m\000e\000n\000s\000i\000o\000n\000\040\000\050\000S\000C\000D\000\051}{subsection.1.3.3}% 19
\BOOKMARK [2][-]{subsection.1.3.4}{\376\377\000C\000\341\000c\000\040\000k\000h\000\341\000i\000\040\000n\000i\036\307\000m\000\040\000c\036\321\000t\000\040\000l\000\365\000i\000\040\000t\000r\000o\000n\000g\000\040\000b\000\340\000i\000\040\000t\000o\000\341\000n\000\040\000x\036\355\000\040\000l\000\375\000\040\036\243\000n\000h\000\040\000v\000\340\000\040\000O\000C\000R}{section.1.3}% 20
\BOOKMARK [0][-]{chapter.2}{\376\377\000K\000h\036\243\000o\000\040\000s\000\341\000t\000\040\001\021\036\301\000\040\000t\000\340\000i}{}% 21
\BOOKMARK [1][-]{section.2.1}{\376\377\000K\000h\036\243\000o\000\040\000s\000\341\000t\000\040\000b\000\340\000i\000\040\000t\000o\000\341\000n\000\040\000n\000g\000h\000i\036\307\000p\000\040\000v\036\345\000\040\000v\000\340\000\040\000m\000\364\000\040\000h\000\354\000n\000h\000\040\000d\036\357\000\040\000l\000i\036\307\000u}{chapter.2}% 22
\BOOKMARK [2][-]{subsection.2.1.1}{\376\377\000D\036\357\000\040\000l\000i\036\307\000u\000\040\000c\000\363\000\040\000c\036\245\000u\000\040\000t\000r\000\372\000c\000\040\000\050\000S\000t\000r\000u\000c\000t\000u\000r\000e\000d\000\040\000D\000a\000t\000a\000\051}{section.2.1}% 23
\BOOKMARK [2][-]{subsection.2.1.2}{\376\377\000D\036\357\000\040\000l\000i\036\307\000u\000\040\000p\000h\000i\000\040\000c\036\245\000u\000\040\000t\000r\000\372\000c\000\040\000\050\000U\000n\000s\000t\000r\000u\000c\000t\000u\000r\000e\000d\000\040\000D\000a\000t\000a\000\051}{section.2.1}% 24
\BOOKMARK [1][-]{section.2.2}{\376\377\000K\000h\036\243\000o\000\040\000s\000\341\000t\000\040\000h\000i\036\307\000n\000\040\000t\000r\036\241\000n\000g\000\040\000v\000\340\000\040\000c\000\341\000c\000\040\000v\036\245\000n\000\040\001\021\036\301\000\040\000t\036\323\000n\000\040\001\021\036\315\000n\000g}{chapter.2}% 25
\BOOKMARK [1][-]{section.2.3}{\376\377\000K\000h\036\243\000o\000\040\000s\000\341\000t\000\040\000c\000\341\000c\000\040\000g\000i\036\243\000i\000\040\000p\000h\000\341\000p\000\040\000v\000\340\000\040\000k\000i\036\277\000n\000\040\000t\000r\000\372\000c\000\040\000h\000i\036\307\000n\000\040\000c\000\363}{chapter.2}% 26
\BOOKMARK [2][-]{subsection.2.3.1}{\376\377\000N\000h\000\363\000m\000\040\0001\000:\000\040\000K\000i\036\277\000n\000\040\000t\000r\000\372\000c\000\040\000t\000r\000u\000y\036\301\000n\000\040\000t\000h\036\321\000n\000g\000\040\000\050\000L\000e\000g\000a\000c\000y\000\040\000D\000W\000H\000\040\000+\000\040\000E\000T\000L\000\051}{section.2.3}% 27
\BOOKMARK [2][-]{subsection.2.3.2}{\376\377\000N\000h\000\363\000m\000\040\0002\000:\000\040\001\020\000a\000n\000g\000\040\000c\000h\000u\000y\036\303\000n\000\040\001\021\036\325\000i\000\040\000\050\000H\000y\000b\000r\000i\000d\000\040\000O\000n\000-\000p\000r\000e\000m\000\040\000+\000\040\000C\000l\000o\000u\000d\000\051}{section.2.3}% 28
\BOOKMARK [2][-]{subsection.2.3.3}{\376\377\000N\000h\000\363\000m\000\040\0003\000:\000\040\000K\000i\036\277\000n\000\040\000t\000r\000\372\000c\000\040\000h\000i\036\307\000n\000\040\001\021\036\241\000i\000\040\000\050\000M\000o\000d\000e\000r\000n\000\040\000D\000a\000t\000a\000\040\000S\000t\000a\000c\000k\000\051}{section.2.3}% 29
\BOOKMARK [2][-]{subsection.2.3.4}{\376\377\000R\000\340\000n\000g\000\040\000b\000u\036\331\000c\000\040\000p\000h\000\341\000p\000\040\000l\000\375\000\040\001\021\036\267\000c\000\040\000t\000h\000\371\000\040\000t\036\241\000i\000\040\000V\000i\036\307\000t\000\040\000N\000a\000m}{section.2.3}% 30
\BOOKMARK [1][-]{section.2.4}{\376\377\000K\000h\036\243\000o\000\040\000s\000\341\000t\000\040\000c\000\341\000c\000\040\000p\000h\001\260\001\241\000n\000g\000\040\000p\000h\000\341\000p\000\040\000x\036\355\000\040\000l\000\375\000\040\036\243\000n\000h\000\040\000h\000i\036\307\000n\000\040\000c\000\363}{chapter.2}% 31
\BOOKMARK [1][-]{section.2.5}{\376\377\000Y\000\352\000u\000\040\000c\036\247\000u\000\040\001\021\036\267\000t\000\040\000r\000a\000\040\001\021\036\321\000i\000\040\000v\036\333\000i\000\040\000h\036\307\000\040\000t\000h\036\321\000n\000g}{chapter.2}% 32
\BOOKMARK [2][-]{subsection.2.5.1}{\376\377\000Y\000\352\000u\000\040\000c\036\247\000u\000\040\000c\000h\036\351\000c\000\040\000n\001\003\000n\000g}{section.2.5}% 33
\BOOKMARK [2][-]{subsection.2.5.2}{\376\377\000Y\000\352\000u\000\040\000c\036\247\000u\000\040\000p\000h\000i\000\040\000c\000h\036\351\000c\000\040\000n\001\003\000n\000g}{section.2.5}% 34
\BOOKMARK [0][-]{chapter.3}{\376\377\000P\000h\000\342\000n\000\040\000t\000\355\000c\000h\000\040\000v\000\340\000\040\000t\000h\000i\036\277\000t\000\040\000k\036\277\000\040\000h\036\307\000\040\000t\000h\036\321\000n\000g}{}% 35
\BOOKMARK [1][-]{section.3.1}{\376\377\001\020\036\301\000\040\000x\000u\036\245\000t\000\040\000k\000i\036\277\000n\000\040\000t\000r\000\372\000c\000\040\000g\000i\036\243\000i\000\040\000p\000h\000\341\000p}{chapter.3}% 36
\BOOKMARK [2][-]{subsection.3.1.1}{\376\377\000L\036\361\000a\000\040\000c\000h\036\315\000n\000\040\000k\000i\036\277\000n\000\040\000t\000r\000\372\000c\000\040\000t\036\325\000n\000g\000\040\000t\000h\036\303\000\040\000v\000\340\000\040\000c\000h\000i\036\277\000n\000\040\000l\001\260\036\343\000c\000\040\000n\036\241\000p}{section.3.1}% 37
\BOOKMARK [2][-]{subsection.3.1.2}{\376\377\000L\036\361\000a\000\040\000c\000h\036\315\000n\000\040\000m\000\364\000\040\000h\000\354\000n\000h\000\040\000t\036\325\000\040\000c\000h\036\351\000c\000\040\000d\036\357\000\040\000l\000i\036\307\000u}{section.3.1}% 38
\BOOKMARK [1][-]{section.3.2}{\376\377\000K\000i\036\277\000n\000\040\000t\000r\000\372\000c\000\040\000t\036\325\000n\000g\000\040\000t\000h\036\303\000\040\000h\036\307\000\040\000t\000h\036\321\000n\000g}{chapter.3}% 39
\BOOKMARK [2][-]{subsection.3.2.1}{\376\377\000P\000i\000p\000e\000l\000i\000n\000e\000\040\000d\036\357\000\040\000l\000i\036\307\000u\000\040\000p\000h\000i\000\040\000c\036\245\000u\000\040\000t\000r\000\372\000c\000\040\000\050\000O\000C\000R\000\051}{section.3.2}% 40
\BOOKMARK [2][-]{subsection.3.2.2}{\376\377\000P\000i\000p\000e\000l\000i\000n\000e\000\040\000d\036\357\000\040\000l\000i\036\307\000u\000\040\000c\000\363\000\040\000c\036\245\000u\000\040\000t\000r\000\372\000c}{section.3.2}% 41
\BOOKMARK [1][-]{section.3.3}{\376\377\000T\000h\000i\036\277\000t\000\040\000k\036\277\000\040\000m\000\364\000\040\000h\000\354\000n\000h\000\040\000d\036\357\000\040\000l\000i\036\307\000u\000\040\000c\000h\000o\000\040\000p\000i\000p\000e\000l\000i\000n\000e\000\040\000c\000\363\000\040\000c\036\245\000u\000\040\000t\000r\000\372\000c}{chapter.3}% 42
\BOOKMARK [2][-]{subsection.3.3.1}{\376\377\000N\000g\000u\036\323\000n\000\040\000O\000L\000T\000P}{section.3.3}% 43
\BOOKMARK [2][-]{subsection.3.3.2}{\376\377\000T\036\247\000n\000g\000\040\000B\000r\000o\000n\000z\000e}{section.3.3}% 44
\BOOKMARK [2][-]{subsection.3.3.3}{\376\377\000T\036\247\000n\000g\000\040\000S\000i\000l\000v\000e\000r\000:\000\040\000D\000a\000t\000a\000\040\000V\000a\000u\000l\000t\000\040\0002\000.\0000}{section.3.3}% 45
\BOOKMARK [2][-]{subsection.3.3.4}{\376\377\000T\036\247\000n\000g\000\040\000G\000o\000l\000d\000:\000\040\000S\000t\000a\000r\000\040\000S\000c\000h\000e\000m\000a}{section.3.3}% 46
\BOOKMARK [2][-]{subsection.3.3.5}{\376\377\000S\000c\000h\000e\000m\000a\000\040\000A\000u\000d\000i\000t}{section.3.3}% 47
\BOOKMARK [1][-]{section.3.4}{\376\377\000T\000h\000i\036\277\000t\000\040\000k\036\277\000\040\000c\001\241\000\040\000c\000h\036\277\000\040\001\021\000i\036\301\000u\000\040\000p\000h\036\321\000i\000\040\000\050\000O\000r\000c\000h\000e\000s\000t\000r\000a\000t\000i\000o\000n\000\051}{chapter.3}% 48
\BOOKMARK [2][-]{subsection.3.4.1}{\376\377\000V\036\255\000n\000\040\000h\000\340\000n\000h\000\040\000v\000\340\000\040\001\021\000i\036\301\000u\000\040\000p\000h\036\321\000i}{section.3.4}% 49
\BOOKMARK [2][-]{subsection.3.4.2}{\376\377\000Q\000u\036\243\000n\000\040\000l\000\375\000\040\000v\000\340\000\040\000g\000i\036\333\000i\000\040\000h\036\241\000n\000\040\000t\000\340\000i\000\040\000n\000g\000u\000y\000\352\000n}{section.3.4}% 50
\BOOKMARK [2][-]{subsection.3.4.3}{\376\377\000C\001\241\000\040\000c\000h\036\277\000\040\000c\036\243\000n\000h\000\040\000b\000\341\000o\000\040\000t\036\361\000\040\001\021\036\331\000n\000g\000\040\000\050\000A\000l\000e\000r\000t\000i\000n\000g\000\040\000\046\000\040\000N\000o\000t\000i\000f\000i\000c\000a\000t\000i\000o\000n\000s\000\051}{section.3.4}% 51
\BOOKMARK [0][-]{chapter.4}{\376\377\000X\000\342\000y\000\040\000d\036\361\000n\000g\000\040\000c\000h\001\260\001\241\000n\000g\000\040\000t\000r\000\354\000n\000h}{}% 52
\BOOKMARK [1][-]{section.4.1}{\376\377\000C\000\364\000n\000g\000\040\000n\000g\000h\036\307\000\040\000s\036\355\000\040\000d\036\345\000n\000g}{chapter.4}% 53
\BOOKMARK [2][-]{subsection.4.1.1}{\376\377\000H\036\307\000\040\000q\000u\036\243\000n\000\040\000t\000r\036\313\000\040\000C\001\241\000\040\000s\036\337\000\040\000d\036\357\000\040\000l\000i\036\307\000u\000\040\000v\000\340\000\040\000K\000h\000o\000\040\000d\036\357\000\040\000l\000i\036\307\000u}{section.4.1}% 54
\BOOKMARK [2][-]{subsection.4.1.2}{\376\377\000C\000\364\000n\000g\000\040\000c\036\345\000\040\001\021\000i\036\301\000u\000\040\000p\000h\036\321\000i\000\040\000v\000\340\000\040\000b\000i\036\277\000n\000\040\001\021\036\325\000i\000\040\000d\036\357\000\040\000l\000i\036\307\000u}{section.4.1}% 55
\BOOKMARK [2][-]{subsection.4.1.3}{\376\377\000X\036\355\000\040\000l\000\375\000\040\036\243\000n\000h\000\040\000v\000\340\000\040\000t\000r\000\355\000c\000h\000\040\000x\000u\036\245\000t\000\040\000t\000\340\000i\000\040\000l\000i\036\307\000u}{section.4.1}% 56
\BOOKMARK [2][-]{subsection.4.1.4}{\376\377\001\020\000\363\000n\000g\000\040\000g\000\363\000i\000\040\000v\000\340\000\040\000q\000u\036\243\000n\000\040\000l\000\375\000\040\000m\000\364\000i\000\040\000t\000r\001\260\036\335\000n\000g}{section.4.1}% 57
\BOOKMARK [2][-]{subsection.4.1.5}{\376\377\000T\000r\036\361\000c\000\040\000q\000u\000a\000n\000\040\000h\000\363\000a\000\040\000d\036\357\000\040\000l\000i\036\307\000u\000\040\000\050\000B\000I\000\051}{section.4.1}% 58
\BOOKMARK [1][-]{section.4.2}{\376\377\000Q\000u\000y\000\040\000t\000r\000\354\000n\000h\000\040\000x\000\342\000y\000\040\000d\036\361\000n\000g\000\040\000P\000i\000p\000e\000l\000i\000n\000e\000\040\000d\036\357\000\040\000l\000i\036\307\000u\000\040\000c\000\363\000\040\000c\036\245\000u\000\040\000t\000r\000\372\000c}{chapter.4}% 59
\BOOKMARK [2][-]{subsection.4.2.1}{\376\377\000T\000r\000\355\000c\000h\000\040\000x\000u\036\245\000t\000\040\000v\000\340\000\040\000n\036\241\000p\000\040\000d\036\357\000\040\000l\000i\036\307\000u\000\040\000v\000\340\000o\000\040\000t\036\247\000n\000g\000\040\000B\000r\000o\000n\000z\000e}{section.4.2}% 60
\BOOKMARK [2][-]{subsection.4.2.2}{\376\377\000B\000i\036\277\000n\000\040\001\021\036\325\000i\000\040\000d\036\357\000\040\000l\000i\036\307\000u\000\040\000t\036\247\000n\000g\000\040\000S\000i\000l\000v\000e\000r\000\040\000\050\000D\000a\000t\000a\000\040\000V\000a\000u\000l\000t\000\051}{section.4.2}% 61
\BOOKMARK [2][-]{subsection.4.2.3}{\376\377\000B\000i\036\277\000n\000\040\001\021\036\325\000i\000\040\000d\036\357\000\040\000l\000i\036\307\000u\000\040\000t\036\247\000n\000g\000\040\000G\000o\000l\000d\000\040\000\050\000S\000t\000a\000r\000\040\000S\000c\000h\000e\000m\000a\000\051}{section.4.2}% 62
\BOOKMARK [1][-]{section.4.3}{\376\377\000Q\000u\000y\000\040\000t\000r\000\354\000n\000h\000\040\000x\000\342\000y\000\040\000d\036\361\000n\000g\000\040\000P\000i\000p\000e\000l\000i\000n\000e\000\040\000d\036\357\000\040\000l\000i\036\307\000u\000\040\000p\000h\000i\000\040\000c\036\245\000u\000\040\000t\000r\000\372\000c\000\040\000\050\000O\000C\000R\000\051}{chapter.4}% 63
\BOOKMARK [2][-]{subsection.4.3.1}{\376\377\000T\000i\036\301\000n\000\040\000x\036\355\000\040\000l\000\375\000\040\036\243\000n\000h\000\040}{section.4.3}% 64
\BOOKMARK [2][-]{subsection.4.3.2}{\376\377\000T\001\003\000n\000g\000\040\000c\001\260\036\335\000n\000g\000\040\000c\000h\036\245\000t\000\040\000l\001\260\036\343\000n\000g\000\040\000h\000\354\000n\000h\000\040\036\243\000n\000h}{section.4.3}% 65
\BOOKMARK [2][-]{subsection.4.3.3}{\376\377\000T\000r\000\355\000c\000h\000\040\000x\000u\036\245\000t\000\040\000v\001\003\000n\000\040\000b\036\243\000n\000\040\000b\036\261\000n\000g\000\040\000P\000a\000d\000d\000l\000e\000O\000C\000R}{section.4.3}% 66
\BOOKMARK [2][-]{subsection.4.3.4}{\376\377\000H\036\255\000u\000\040\000x\036\355\000\040\000l\000\375\000\040\000v\000\340\000\040\000l\000\340\000m\000\040\000s\036\241\000c\000h\000\040\000d\036\357\000\040\000l\000i\036\307\000u}{section.4.3}% 67
\BOOKMARK [2][-]{subsection.4.3.5}{\376\377\001\020\000\341\000n\000h\000\040\000g\000i\000\341\000\040\001\021\036\331\000\040\000t\000i\000n\000\040\000c\036\255\000y}{section.4.3}% 68
\BOOKMARK [1][-]{section.4.4}{\376\377\000T\000r\036\361\000c\000\040\000q\000u\000a\000n\000\040\000h\000\363\000a\000\040\000v\000\340\000\040\000K\036\277\000t\000\040\000q\000u\036\243\000\040\000t\000r\000i\036\303\000n\000\040\000k\000h\000a\000i}{chapter.4}% 69
\BOOKMARK [2][-]{subsection.4.4.1}{\376\377\000G\000i\000a\000o\000\040\000d\000i\036\307\000n\000\040\001\021\000i\036\301\000u\000\040\000p\000h\036\321\000i\000\040\000A\000p\000a\000c\000h\000e\000\040\000A\000i\000r\000f\000l\000o\000w}{section.4.4}% 70
\BOOKMARK [2][-]{subsection.4.4.2}{\376\377\000G\000i\000a\000o\000\040\000d\000i\036\307\000n\000\040\000w\000e\000b\000\040\000d\000e\000m\000o\000\040\000x\036\355\000\040\000l\000\375\000\040\000t\000\340\000i\000\040\000l\000i\036\307\000u}{section.4.4}% 71
\BOOKMARK [2][-]{subsection.4.4.3}{\376\377\000H\036\307\000\040\000t\000h\036\321\000n\000g\000\040\000b\000\341\000o\000\040\000c\000\341\000o\000\040\000B\000I}{section.4.4}% 72
\BOOKMARK [0][-]{chapter*.91}{\376\377\000K\036\277\000t\000\040\000l\000u\036\255\000n}{}% 73
\BOOKMARK [0][-]{chapter*.95}{\376\377\000T\000\340\000i\000\040\000l\000i\036\307\000u\000\040\000t\000h\000a\000m\000\040\000k\000h\036\243\000o}{}% 74
